<?xml version="1.0" encoding="UTF-8"?>
<!-- Generated by org.testng.reporters.JUnitReportReporter -->
<testsuite skipped="0" hostname="linux" name="seleniumgrid.SeleniumGridTest" tests="2" failures="0" timestamp="18 May 2019 13:30:24 GMT" time="25.063" errors="0">
  <testcase name="testGrid" time="9.274" classname="seleniumgrid.SeleniumGridTest"/>
  <testcase name="testGrid" time="15.789" classname="seleniumgrid.SeleniumGridTest"/>
</testsuite> <!-- seleniumgrid.SeleniumGridTest -->
